Using pre-set license
Built from '2020.3/staging' branch; Version is '2020.3.13f1 (71691879b7f5) revision 7432472'; Using compiler version '192528614'; Build Type 'Release'
OS: 'Windows 10 Pro; OS build 19042.1083; Version 2009; 64bit' Language: 'ja' Physical Memory: 16303 MB
BatchMode: 1, IsHumanControllingUs: 0, StartBugReporterOnCrash: 0, Is64bit: 1, IsPro: 0

 COMMAND LINE ARGUMENTS:
C:\Program Files\2020.3.13f1\Editor\Unity.exe
-adb2
-batchMode
-noUpm
-name
AssetImportWorker0
-projectPath
C:/Users/puppy/work/Unity/Portfolio/MyProject_humanoid
-logFile
Logs/AssetImportWorker0.log
-srvPort
63850
Successfully changed project path to: C:/Users/puppy/work/Unity/Portfolio/MyProject_humanoid
C:/Users/puppy/work/Unity/Portfolio/MyProject_humanoid
Using Asset Import Pipeline V2.
Refreshing native plugins compatible for Editor in 37.34 ms, found 2 plugins.
Preloading 0 native plugins for Editor in 0.00 ms.
Initialize engine version: 2020.3.13f1 (71691879b7f5)
[Subsystems] Discovering subsystems at path C:/Program Files/2020.3.13f1/Editor/Data/Resources/UnitySubsystems
[Subsystems] Discovering subsystems at path C:/Users/puppy/work/Unity/Portfolio/MyProject_humanoid/Assets
GfxDevice: creating device client; threaded=0
Direct3D:
    Version:  Direct3D 11.0 [level 11.1]
    Renderer: NVIDIA GeForce GTX 980 Ti (ID=0x17c8)
    Vendor:   
    VRAM:     6097 MB
    Driver:   27.21.14.5671
Initialize mono
Mono path[0] = 'C:/Program Files/2020.3.13f1/Editor/Data/Managed'
Mono path[1] = 'C:/Program Files/2020.3.13f1/Editor/Data/MonoBleedingEdge/lib/mono/unityjit'
Mono config path = 'C:/Program Files/2020.3.13f1/Editor/Data/MonoBleedingEdge/etc'
Using monoOptions --debugger-agent=transport=dt_socket,embedding=1,server=y,suspend=n,address=127.0.0.1:56280
Begin MonoManager ReloadAssembly
Registering precompiled unity dll's ...
Register platform support module: C:/Program Files/2020.3.13f1/Editor/Data/PlaybackEngines/WebGLSupport/UnityEditor.WebGL.Extensions.dll
Register platform support module: C:/Program Files/2020.3.13f1/Editor/Data/PlaybackEngines/WindowsStandaloneSupport/UnityEditor.WindowsStandalone.Extensions.dll
Registered in 0.002207 seconds.
Native extension for WindowsStandalone target not found
Native extension for WebGL target not found
Refreshing native plugins compatible for Editor in 50.32 ms, found 2 plugins.
Preloading 0 native plugins for Editor in 0.00 ms.
Mono: successfully reloaded assembly
- Completed reload, in  2.269 seconds
Platform modules already initialized, skipping
Registering precompiled user dll's ...
Registered in 0.003982 seconds.
Begin MonoManager ReloadAssembly
Native extension for WindowsStandalone target not found
Native extension for WebGL target not found
Refreshing native plugins compatible for Editor in 0.36 ms, found 2 plugins.
Preloading 0 native plugins for Editor in 0.00 ms.
Mono: successfully reloaded assembly
- Completed reload, in  1.127 seconds
Platform modules already initialized, skipping
========================================================================
Worker process is ready to serve import requests
Launched and connected shader compiler UnityShaderCompiler.exe after 0.05 seconds
Refreshing native plugins compatible for Editor in 0.59 ms, found 2 plugins.
Preloading 0 native plugins for Editor in 0.00 ms.
Unloading 1416 Unused Serialized files (Serialized files now loaded: 0)
System memory in use before: 74.3 MB.
System memory in use after: 74.3 MB.

Unloading 19 unused Assets to reduce memory usage. Loaded Objects now: 1852.
Total: 1.668200 ms (FindLiveObjects: 0.141700 ms CreateObjectMapping: 0.042500 ms MarkObjects: 1.404700 ms  DeleteObjects: 0.078000 ms)

AssetImportParameters requested are different than current active one (requested -> active):
  custom:framework-win-MediaFoundation: 216162199b28c13a410421893ffa2e32 -> 
  custom:video-decoder-ogg-theora: a1e56fd34408186e4bbccfd4996cb3dc -> 
  custom:container-muxer-webm: aa71ff27fc2769a1b78a27578f13a17b -> 
  custom:container-demuxer-webm: 4f35f7cbe854078d1ac9338744f61a02 -> 
  custom:container-demuxer-ogg: 62fdf1f143b41e24485cea50d1cbac27 -> 
  custom:video-encoder-webm-vp8: eb34c28f22e8b96e1ab97ce403110664 -> 
  custom:video-decoder-webm-vp8: 9c59270c3fd7afecdb556c50c9e8de78 -> 
  custom:audio-decoder-ogg-vorbis: bf7c407c2cedff20999df2af8eb42d56 -> 
  custom:audio-encoder-webm-vorbis: bf7c407c2cedff20999df2af8eb42d56 -> 
========================================================================
Received Import Request.
  path: Assets/Scenes
  artifactKey: Guid(0f968d2b665375049833c2a663307751) Importer(815301076,1909f56bfc062723c751e8b465ee728b)
Start importing Assets/Scenes using Guid(0f968d2b665375049833c2a663307751) Importer(815301076,1909f56bfc062723c751e8b465ee728b)  -> (artifact id: '0cdf29d3f0eb403c49f9cd22857b0f56') in 0.012685 seconds 
  Import took 0.022358 seconds .

========================================================================
Received Import Request.
  Time since last request: 3.267054 seconds.
  path: Assets/QS
  artifactKey: Guid(e773008aa0c2c4e41ac3429b93e8bda8) Importer(815301076,1909f56bfc062723c751e8b465ee728b)
Start importing Assets/QS using Guid(e773008aa0c2c4e41ac3429b93e8bda8) Importer(815301076,1909f56bfc062723c751e8b465ee728b)  -> (artifact id: 'ac3cb61084eaaa6bf426fbdd22c9d55a') in 0.007914 seconds 
  Import took 0.010022 seconds .

========================================================================
Received Import Request.
  Time since last request: 0.888642 seconds.
  path: Assets/QS/QS-Textures-Grass-v1
  artifactKey: Guid(a494362051271d046a0df533cf24475f) Importer(815301076,1909f56bfc062723c751e8b465ee728b)
Start importing Assets/QS/QS-Textures-Grass-v1 using Guid(a494362051271d046a0df533cf24475f) Importer(815301076,1909f56bfc062723c751e8b465ee728b)  -> (artifact id: '06992a659318131245f2cc80c2aa1532') in 0.009165 seconds 
  Import took 0.012171 seconds .

========================================================================
Received Import Request.
  Time since last request: 2.821381 seconds.
  path: Assets/QS/QS-Textures-Grass-v1/Materials
  artifactKey: Guid(fe0a0f0b9a2bf684e870685423c054a2) Importer(815301076,1909f56bfc062723c751e8b465ee728b)
Start importing Assets/QS/QS-Textures-Grass-v1/Materials using Guid(fe0a0f0b9a2bf684e870685423c054a2) Importer(815301076,1909f56bfc062723c751e8b465ee728b)  -> (artifact id: '90914bab5bd8a5b5cb80ccedc6b91d60') in 0.008299 seconds 
  Import took 0.010828 seconds .

========================================================================
Received Import Request.
  Time since last request: 0.058564 seconds.
  path: Assets/QS/QS-Textures-Grass-v1/Materials/QS-GRASS-1.1.mat
  artifactKey: Guid(4167230534a52bb4d9073a435cafff7a) Importer(815301076,1909f56bfc062723c751e8b465ee728b)
Start importing Assets/QS/QS-Textures-Grass-v1/Materials/QS-GRASS-1.1.mat using Guid(4167230534a52bb4d9073a435cafff7a) Importer(815301076,1909f56bfc062723c751e8b465ee728b)  -> (artifact id: '20a3d621cb2149cd1eca2cc257382f71') in 0.237775 seconds 
  Import took 0.240080 seconds .

========================================================================
Received Import Request.
  Time since last request: 0.000194 seconds.
  path: Assets/QS/QS-Textures-Grass-v1/Materials/QS-GRASS-5.1.mat
  artifactKey: Guid(73996a8ad321ed94a963ba91c795655c) Importer(815301076,1909f56bfc062723c751e8b465ee728b)
Start importing Assets/QS/QS-Textures-Grass-v1/Materials/QS-GRASS-5.1.mat using Guid(73996a8ad321ed94a963ba91c795655c) Importer(815301076,1909f56bfc062723c751e8b465ee728b)  -> (artifact id: '7eb6685f786375349e6ac86e60931a66') in 0.028237 seconds 
  Import took 0.030652 seconds .

========================================================================
Received Import Request.
  Time since last request: 0.000176 seconds.
  path: Assets/QS/QS-Textures-Grass-v1/Materials/QS-GRASS-9.1.mat
  artifactKey: Guid(78ebcdd3e5c01fc4a9903952d644cbbf) Importer(815301076,1909f56bfc062723c751e8b465ee728b)
Start importing Assets/QS/QS-Textures-Grass-v1/Materials/QS-GRASS-9.1.mat using Guid(78ebcdd3e5c01fc4a9903952d644cbbf) Importer(815301076,1909f56bfc062723c751e8b465ee728b)  -> (artifact id: '257d76dd303e0b85664620b040fcc4d9') in 0.019348 seconds 
  Import took 0.021883 seconds .

========================================================================
Received Import Request.
  Time since last request: 0.003347 seconds.
  path: Assets/QS/QS-Textures-Grass-v1/Materials/QS-GRASS-10.1.mat
  artifactKey: Guid(195886598c796944d9b61f55745b3635) Importer(815301076,1909f56bfc062723c751e8b465ee728b)
Start importing Assets/QS/QS-Textures-Grass-v1/Materials/QS-GRASS-10.1.mat using Guid(195886598c796944d9b61f55745b3635) Importer(815301076,1909f56bfc062723c751e8b465ee728b)  -> (artifact id: 'd5f5c1ef0daf695ca4038b0bf4cd8581') in 0.019434 seconds 
  Import took 0.023412 seconds .

========================================================================
Received Import Request.
  Time since last request: 0.000226 seconds.
  path: Assets/QS/QS-Textures-Grass-v1/Materials/QS-GRASS-8.1.mat
  artifactKey: Guid(d016af9cb9d0e044d98ec2af98dc93ce) Importer(815301076,1909f56bfc062723c751e8b465ee728b)
Start importing Assets/QS/QS-Textures-Grass-v1/Materials/QS-GRASS-8.1.mat using Guid(d016af9cb9d0e044d98ec2af98dc93ce) Importer(815301076,1909f56bfc062723c751e8b465ee728b)  -> (artifact id: '94b5b3de278738a3e03eb13fd5c3c0b8') in 0.016968 seconds 
  Import took 0.019404 seconds .

========================================================================
Received Import Request.
  Time since last request: 0.000167 seconds.
  path: Assets/QS/QS-Textures-Grass-v1/Materials/QS-GRASS-7.1.mat
  artifactKey: Guid(9661e7c70e2954b45acfb10ce490c36b) Importer(815301076,1909f56bfc062723c751e8b465ee728b)
Start importing Assets/QS/QS-Textures-Grass-v1/Materials/QS-GRASS-7.1.mat using Guid(9661e7c70e2954b45acfb10ce490c36b) Importer(815301076,1909f56bfc062723c751e8b465ee728b)  -> (artifact id: '6eb93ef229f8b1e0396e8e0d220bd37f') in 0.016698 seconds 
  Import took 0.021942 seconds .

========================================================================
Received Import Request.
  Time since last request: 0.000208 seconds.
  path: Assets/QS/QS-Textures-Grass-v1/Materials/QS-GRASS-3.1.mat
  artifactKey: Guid(5f208e503b1f2c04aad5dc65bb51eef1) Importer(815301076,1909f56bfc062723c751e8b465ee728b)
Start importing Assets/QS/QS-Textures-Grass-v1/Materials/QS-GRASS-3.1.mat using Guid(5f208e503b1f2c04aad5dc65bb51eef1) Importer(815301076,1909f56bfc062723c751e8b465ee728b)  -> (artifact id: 'b697634958c7042c1c3b006288bcd88d') in 0.013299 seconds 
  Import took 0.017981 seconds .

========================================================================
Received Import Request.
  Time since last request: 0.000307 seconds.
  path: Assets/QS/QS-Textures-Grass-v1/Materials/QS-GRASS-4.1.mat
  artifactKey: Guid(ce7994312a92b6a4db77f2b1ef9214bc) Importer(815301076,1909f56bfc062723c751e8b465ee728b)
Start importing Assets/QS/QS-Textures-Grass-v1/Materials/QS-GRASS-4.1.mat using Guid(ce7994312a92b6a4db77f2b1ef9214bc) Importer(815301076,1909f56bfc062723c751e8b465ee728b)  -> (artifact id: 'f8ed8983643763c41efad3cc07c611f4') in 0.015773 seconds 
  Import took 0.018400 seconds .

========================================================================
Received Import Request.
  Time since last request: 0.000188 seconds.
  path: Assets/QS/QS-Textures-Grass-v1/Materials/QS-GRASS-2.1.mat
  artifactKey: Guid(921ee172916c4154ab9e684b7441eec4) Importer(815301076,1909f56bfc062723c751e8b465ee728b)
Start importing Assets/QS/QS-Textures-Grass-v1/Materials/QS-GRASS-2.1.mat using Guid(921ee172916c4154ab9e684b7441eec4) Importer(815301076,1909f56bfc062723c751e8b465ee728b)  -> (artifact id: 'ba955eea333d32b94f96099f1d40be41') in 0.017403 seconds 
  Import took 0.020006 seconds .

========================================================================
Received Import Request.
  Time since last request: 0.000199 seconds.
  path: Assets/QS/QS-Textures-Grass-v1/Materials/QS-GRASS-6.1.mat
  artifactKey: Guid(4c020fa31514bcc4d99927874da69cc1) Importer(815301076,1909f56bfc062723c751e8b465ee728b)
Start importing Assets/QS/QS-Textures-Grass-v1/Materials/QS-GRASS-6.1.mat using Guid(4c020fa31514bcc4d99927874da69cc1) Importer(815301076,1909f56bfc062723c751e8b465ee728b)  -> (artifact id: '65af71bc7c2a65bd9f88252b41f146ad') in 0.017202 seconds 
  Import took 0.019707 seconds .

========================================================================
Received Import Request.
  Time since last request: 1.128406 seconds.
  path: Assets/QS/QS-Textures-Grass-v1/Textures/QS-GRASS-1.1.png
  artifactKey: Guid(13fd3dd52bf157845864087bf321dbff) Importer(815301076,1909f56bfc062723c751e8b465ee728b)
Start importing Assets/QS/QS-Textures-Grass-v1/Textures/QS-GRASS-1.1.png using Guid(13fd3dd52bf157845864087bf321dbff) Importer(815301076,1909f56bfc062723c751e8b465ee728b)  -> (artifact id: '470de3d302cdc48ab31964f78df40cd1') in 0.026724 seconds 
  Import took 0.029995 seconds .

========================================================================
Received Import Request.
  Time since last request: 0.001168 seconds.
  path: Assets/QS/QS-Textures-Grass-v1/Textures/QS-GRASS-1.1.png
  artifactKey: Guid(13fd3dd52bf157845864087bf321dbff) Importer(815301076,1909f56bfc062723c751e8b465ee728b)
Start importing Assets/QS/QS-Textures-Grass-v1/Textures/QS-GRASS-1.1.png using Guid(13fd3dd52bf157845864087bf321dbff) Importer(815301076,1909f56bfc062723c751e8b465ee728b)  -> (artifact id: '470de3d302cdc48ab31964f78df40cd1') in 0.012232 seconds 
  Import took 0.015550 seconds .

========================================================================
Received Import Request.
  Time since last request: 12.367157 seconds.
  path: Assets/QS/QS-Textures-Grass-v1/Textures/QS-GRASS-2.1.png
  artifactKey: Guid(9258a574148383549ac8f525404331bb) Importer(815301076,1909f56bfc062723c751e8b465ee728b)
Start importing Assets/QS/QS-Textures-Grass-v1/Textures/QS-GRASS-2.1.png using Guid(9258a574148383549ac8f525404331bb) Importer(815301076,1909f56bfc062723c751e8b465ee728b)  -> (artifact id: '94e9cedde822276f7d83396aa3d2eb14') in 0.012897 seconds 
  Import took 0.016587 seconds .

========================================================================
Received Import Request.
  Time since last request: 34.864537 seconds.
  path: Assets/unity-chan!/Unity-chan! Model/Art/Stage/Materials/unitychan_tile4.mat
  artifactKey: Guid(0f2978993cddc449c99a4e1893ed3479) Importer(815301076,1909f56bfc062723c751e8b465ee728b)
Start importing Assets/unity-chan!/Unity-chan! Model/Art/Stage/Materials/unitychan_tile4.mat using Guid(0f2978993cddc449c99a4e1893ed3479) Importer(815301076,1909f56bfc062723c751e8b465ee728b)  -> (artifact id: 'e65df2848f37714b9fa19da4bdc2b627') in 0.150372 seconds 
  Import took 0.153748 seconds .

========================================================================
Received Import Request.
  Time since last request: 0.000195 seconds.
  path: Assets/unity-chan!/Unity-chan! Model/Art/Stage/Materials/unitychan_tile5.mat
  artifactKey: Guid(0fabbaa20a36d468a84e4925db02ecc5) Importer(815301076,1909f56bfc062723c751e8b465ee728b)
Start importing Assets/unity-chan!/Unity-chan! Model/Art/Stage/Materials/unitychan_tile5.mat using Guid(0fabbaa20a36d468a84e4925db02ecc5) Importer(815301076,1909f56bfc062723c751e8b465ee728b)  -> (artifact id: '93b47efca955294fdba0485e25949a48') in 0.018596 seconds 
  Import took 0.021657 seconds .

========================================================================
Received Import Request.
  Time since last request: 0.000187 seconds.
  path: Assets/unity-chan!/Unity-chan! Model/Art/Stage/Materials/unitychan_tile4.mat
  artifactKey: Guid(0f2978993cddc449c99a4e1893ed3479) Importer(815301076,1909f56bfc062723c751e8b465ee728b)
Start importing Assets/unity-chan!/Unity-chan! Model/Art/Stage/Materials/unitychan_tile4.mat using Guid(0f2978993cddc449c99a4e1893ed3479) Importer(815301076,1909f56bfc062723c751e8b465ee728b)  -> (artifact id: 'e65df2848f37714b9fa19da4bdc2b627') in 0.017217 seconds 
  Import took 0.019513 seconds .

========================================================================
Received Import Request.
  Time since last request: 0.000232 seconds.
  path: Assets/unity-chan!/Unity-chan! Model/Art/Stage/Materials/unitychan_tile6.mat
  artifactKey: Guid(330274cf2c5de4464a4b4b243b59e371) Importer(815301076,1909f56bfc062723c751e8b465ee728b)
Start importing Assets/unity-chan!/Unity-chan! Model/Art/Stage/Materials/unitychan_tile6.mat using Guid(330274cf2c5de4464a4b4b243b59e371) Importer(815301076,1909f56bfc062723c751e8b465ee728b)  -> (artifact id: '04380ee3a87a6726b66ebf44adaa870a') in 0.012223 seconds 
  Import took 0.027327 seconds .

========================================================================
Received Import Request.
  Time since last request: 0.000240 seconds.
  path: Assets/unity-chan!/Unity-chan! Model/Art/Stage/Materials/unitychan_tile5.mat
  artifactKey: Guid(0fabbaa20a36d468a84e4925db02ecc5) Importer(815301076,1909f56bfc062723c751e8b465ee728b)
Start importing Assets/unity-chan!/Unity-chan! Model/Art/Stage/Materials/unitychan_tile5.mat using Guid(0fabbaa20a36d468a84e4925db02ecc5) Importer(815301076,1909f56bfc062723c751e8b465ee728b)  -> (artifact id: '93b47efca955294fdba0485e25949a48') in 0.016661 seconds 
  Import took 0.019582 seconds .

========================================================================
Received Import Request.
  Time since last request: 0.000212 seconds.
  path: Assets/unity-chan!/Unity-chan! Model/Art/Stage/Materials/unitychan_tile6.mat
  artifactKey: Guid(330274cf2c5de4464a4b4b243b59e371) Importer(815301076,1909f56bfc062723c751e8b465ee728b)
Start importing Assets/unity-chan!/Unity-chan! Model/Art/Stage/Materials/unitychan_tile6.mat using Guid(330274cf2c5de4464a4b4b243b59e371) Importer(815301076,1909f56bfc062723c751e8b465ee728b)  -> (artifact id: '04380ee3a87a6726b66ebf44adaa870a') in 0.015617 seconds 
  Import took 0.018502 seconds .

========================================================================
Received Import Request.
  Time since last request: 2.307576 seconds.
  path: Assets/unity-chan!/Unity-chan! Model/Art/UnityChanShader/Materials/skin1.mat
  artifactKey: Guid(4b91d906c72fd4447bfabbdd767e31ad) Importer(815301076,1909f56bfc062723c751e8b465ee728b)
Start importing Assets/unity-chan!/Unity-chan! Model/Art/UnityChanShader/Materials/skin1.mat using Guid(4b91d906c72fd4447bfabbdd767e31ad) Importer(815301076,1909f56bfc062723c751e8b465ee728b)  -> (artifact id: '1817143ce39d7461287045aeea25b10d') in 0.054636 seconds 
  Import took 0.056941 seconds .

========================================================================
Received Import Request.
  Time since last request: 0.000159 seconds.
  path: Assets/unity-chan!/Unity-chan! Model/Art/Stage/Materials/unitychan_tile3.mat
  artifactKey: Guid(00343d49c7d05416cb4a5bddf12aa90d) Importer(815301076,1909f56bfc062723c751e8b465ee728b)
Start importing Assets/unity-chan!/Unity-chan! Model/Art/Stage/Materials/unitychan_tile3.mat using Guid(00343d49c7d05416cb4a5bddf12aa90d) Importer(815301076,1909f56bfc062723c751e8b465ee728b)  -> (artifact id: '4fbc3c6124a8d9762ca62da85762614e') in 0.015171 seconds 
  Import took 0.017259 seconds .

========================================================================
Received Import Request.
  Time since last request: 0.000240 seconds.
  path: Assets/AllSkyFree/AllSkyDemoEnvironment/Materials/TreeTrunk.mat
  artifactKey: Guid(7809cf584f7a8ba4897c2c57e9669dfe) Importer(815301076,1909f56bfc062723c751e8b465ee728b)
Start importing Assets/AllSkyFree/AllSkyDemoEnvironment/Materials/TreeTrunk.mat using Guid(7809cf584f7a8ba4897c2c57e9669dfe) Importer(815301076,1909f56bfc062723c751e8b465ee728b)  -> (artifact id: 'd0d441bb960e1d28e295baedeced7070') in 0.017304 seconds 
  Import took 0.022305 seconds .

========================================================================
Received Import Request.
  Time since last request: 0.000146 seconds.
  path: Assets/AllSkyFree/AllSkyDemoEnvironment/Materials/TreeLeaves.mat
  artifactKey: Guid(3d7bc6435f5ced147872d5b96fd28f42) Importer(815301076,1909f56bfc062723c751e8b465ee728b)
Start importing Assets/AllSkyFree/AllSkyDemoEnvironment/Materials/TreeLeaves.mat using Guid(3d7bc6435f5ced147872d5b96fd28f42) Importer(815301076,1909f56bfc062723c751e8b465ee728b)  -> (artifact id: 'b59f85911a9859e0814998db538ea819') in 0.015997 seconds 
  Import took 0.019498 seconds .

========================================================================
Received Import Request.
  Time since last request: 0.000215 seconds.
  path: Assets/unity-chan!/Unity-chan! Model/Art/Materials/skin1.mat
  artifactKey: Guid(ca131910d5c9a634dbdd38e77111033f) Importer(815301076,1909f56bfc062723c751e8b465ee728b)
Start importing Assets/unity-chan!/Unity-chan! Model/Art/Materials/skin1.mat using Guid(ca131910d5c9a634dbdd38e77111033f) Importer(815301076,1909f56bfc062723c751e8b465ee728b)  -> (artifact id: '6b8eb34af62222cccd328d7ef5921c8d') in 0.013394 seconds 
  Import took 0.017166 seconds .

========================================================================
Received Import Request.
  Time since last request: 0.000205 seconds.
  path: Assets/QS/QS-Textures-Grass-v1/Materials/Mobile/QS-GRASS-10.2.mat
  artifactKey: Guid(99c70849cfbe1f7439e32ec7c4ee12f6) Importer(815301076,1909f56bfc062723c751e8b465ee728b)
Start importing Assets/QS/QS-Textures-Grass-v1/Materials/Mobile/QS-GRASS-10.2.mat using Guid(99c70849cfbe1f7439e32ec7c4ee12f6) Importer(815301076,1909f56bfc062723c751e8b465ee728b)  -> (artifact id: 'c18d613c6313442e662b56eb2692c2d5') in 0.106595 seconds 
  Import took 0.111719 seconds .

========================================================================
Received Import Request.
  Time since last request: 0.000241 seconds.
  path: Assets/AllSkyFree/AllSkyDemoEnvironment/Materials/rock.mat
  artifactKey: Guid(30d990fd39e798242be00a47c8f8fcaa) Importer(815301076,1909f56bfc062723c751e8b465ee728b)
Start importing Assets/AllSkyFree/AllSkyDemoEnvironment/Materials/rock.mat using Guid(30d990fd39e798242be00a47c8f8fcaa) Importer(815301076,1909f56bfc062723c751e8b465ee728b)  -> (artifact id: 'be6a326acec7de5dd6bcf7541595b405') in 0.015733 seconds 
  Import took 0.018934 seconds .

========================================================================
Received Import Request.
  Time since last request: 0.000174 seconds.
  path: Assets/unity-chan!/Unity-chan! Model/Art/Materials/Right.mat
  artifactKey: Guid(88157e674d7d0314db76940c73b69405) Importer(815301076,1909f56bfc062723c751e8b465ee728b)
Start importing Assets/unity-chan!/Unity-chan! Model/Art/Materials/Right.mat using Guid(88157e674d7d0314db76940c73b69405) Importer(815301076,1909f56bfc062723c751e8b465ee728b)  -> (artifact id: '9dcc6de7583abc83a5dc76e91cac91d2') in 0.015931 seconds 
  Import took 0.018235 seconds .

========================================================================
Received Import Request.
  Time since last request: 0.000213 seconds.
  path: Assets/QS/QS-Textures-Grass-v1/Materials/Mobile/QS-GRASS-9.2.mat
  artifactKey: Guid(6a8dd6b779ebd9b43800de9ca5bff82a) Importer(815301076,1909f56bfc062723c751e8b465ee728b)
Start importing Assets/QS/QS-Textures-Grass-v1/Materials/Mobile/QS-GRASS-9.2.mat using Guid(6a8dd6b779ebd9b43800de9ca5bff82a) Importer(815301076,1909f56bfc062723c751e8b465ee728b)  -> (artifact id: 'ab385dee6c486fb53536f0a69e458d4c') in 0.019710 seconds 
  Import took 0.023099 seconds .

========================================================================
Received Import Request.
  Time since last request: 3.878676 seconds.
  path: Assets/QS/QS-Textures-Grass-v1/Materials/Mobile/QS-GRASS-7.2.mat
  artifactKey: Guid(7db3bd76d4a592e4ba33efb698e7d656) Importer(815301076,1909f56bfc062723c751e8b465ee728b)
Start importing Assets/QS/QS-Textures-Grass-v1/Materials/Mobile/QS-GRASS-7.2.mat using Guid(7db3bd76d4a592e4ba33efb698e7d656) Importer(815301076,1909f56bfc062723c751e8b465ee728b)  -> (artifact id: '0f2c4d27be09713e9420d0bc31aceb92') in 0.017748 seconds 
  Import took 0.020186 seconds .

========================================================================
Received Import Request.
  Time since last request: 0.000171 seconds.
  path: Assets/QS/QS-Textures-Grass-v1/Materials/Mobile/QS-GRASS-8.2.mat
  artifactKey: Guid(78cda8d7bc03dcc41a9dfc49907a519d) Importer(815301076,1909f56bfc062723c751e8b465ee728b)
Start importing Assets/QS/QS-Textures-Grass-v1/Materials/Mobile/QS-GRASS-8.2.mat using Guid(78cda8d7bc03dcc41a9dfc49907a519d) Importer(815301076,1909f56bfc062723c751e8b465ee728b)  -> (artifact id: 'f6d931cdd68767a5f7f7ba8bb97a0d1d') in 0.016289 seconds 
  Import took 0.018901 seconds .

========================================================================
Received Import Request.
  Time since last request: 0.000179 seconds.
  path: Assets/QS/QS-Textures-Grass-v1/Materials/Mobile/QS-GRASS-6.2.mat
  artifactKey: Guid(76ae9a622f742e84e8e0e15eb5cb5685) Importer(815301076,1909f56bfc062723c751e8b465ee728b)
Start importing Assets/QS/QS-Textures-Grass-v1/Materials/Mobile/QS-GRASS-6.2.mat using Guid(76ae9a622f742e84e8e0e15eb5cb5685) Importer(815301076,1909f56bfc062723c751e8b465ee728b)  -> (artifact id: '5bd8e7a498c263f8efe91ffe3cb52720') in 0.012934 seconds 
  Import took 0.022126 seconds .

========================================================================
Received Import Request.
  Time since last request: 0.000253 seconds.
  path: Assets/QS/QS-Textures-Grass-v1/Materials/Mobile/QS-GRASS-4.2.mat
  artifactKey: Guid(b0336b930a179e2469e304628bfb9965) Importer(815301076,1909f56bfc062723c751e8b465ee728b)
Start importing Assets/QS/QS-Textures-Grass-v1/Materials/Mobile/QS-GRASS-4.2.mat using Guid(b0336b930a179e2469e304628bfb9965) Importer(815301076,1909f56bfc062723c751e8b465ee728b)  -> (artifact id: 'ba78cd4cddbdbe3dc2699a40155585c5') in 0.013820 seconds 
  Import took 0.016692 seconds .

========================================================================
Received Import Request.
  Time since last request: 0.000212 seconds.
  path: Assets/QS/QS-Textures-Grass-v1/Materials/Mobile/QS-GRASS-5.2.mat
  artifactKey: Guid(e6c1ed428c9b99c4fbe069219470339a) Importer(815301076,1909f56bfc062723c751e8b465ee728b)
Start importing Assets/QS/QS-Textures-Grass-v1/Materials/Mobile/QS-GRASS-5.2.mat using Guid(e6c1ed428c9b99c4fbe069219470339a) Importer(815301076,1909f56bfc062723c751e8b465ee728b)  -> (artifact id: 'b1a968345db4d8ed5186fda3604d4749') in 0.020165 seconds 
  Import took 0.023082 seconds .

========================================================================
Received Import Request.
  Time since last request: 0.000195 seconds.
  path: Assets/QS/QS-Textures-Grass-v1/Materials/Mobile/QS-GRASS-3.2.mat
  artifactKey: Guid(b2de661feda2b44459ce9a066ce069a0) Importer(815301076,1909f56bfc062723c751e8b465ee728b)
Start importing Assets/QS/QS-Textures-Grass-v1/Materials/Mobile/QS-GRASS-3.2.mat using Guid(b2de661feda2b44459ce9a066ce069a0) Importer(815301076,1909f56bfc062723c751e8b465ee728b)  -> (artifact id: '89d848e8a71803067631b7b2626d5625') in 0.016683 seconds 
  Import took 0.019224 seconds .

========================================================================
Received Import Request.
  Time since last request: 0.000217 seconds.
  path: Assets/QS/QS-Textures-Grass-v1/Materials/Mobile/QS-GRASS-2.2.mat
  artifactKey: Guid(22e971249e99216449bae9b23c499243) Importer(815301076,1909f56bfc062723c751e8b465ee728b)
Start importing Assets/QS/QS-Textures-Grass-v1/Materials/Mobile/QS-GRASS-2.2.mat using Guid(22e971249e99216449bae9b23c499243) Importer(815301076,1909f56bfc062723c751e8b465ee728b)  -> (artifact id: 'd84acbbbe2a801abd1a6f1e7299f7026') in 0.015991 seconds 
  Import took 0.024328 seconds .

========================================================================
Received Import Request.
  Time since last request: 0.231931 seconds.
  path: Assets/unity-chan!/Unity-chan! Model/Art/Materials/mat_cheek.mat
  artifactKey: Guid(5f9d44654b83160428d7c4cf276b3572) Importer(815301076,1909f56bfc062723c751e8b465ee728b)
Start importing Assets/unity-chan!/Unity-chan! Model/Art/Materials/mat_cheek.mat using Guid(5f9d44654b83160428d7c4cf276b3572) Importer(815301076,1909f56bfc062723c751e8b465ee728b)  -> (artifact id: '213c95a0b4f598748b1b0d2af5461a09') in 0.056737 seconds 
  Import took 0.059001 seconds .

========================================================================
Received Import Request.
  Time since last request: 0.000182 seconds.
  path: Assets/AllSkyFree/Night MoonBurst/Night Moon Burst.mat
  artifactKey: Guid(c494c335823f54b52b2e87e1b7a63a23) Importer(815301076,1909f56bfc062723c751e8b465ee728b)
Start importing Assets/AllSkyFree/Night MoonBurst/Night Moon Burst.mat using Guid(c494c335823f54b52b2e87e1b7a63a23) Importer(815301076,1909f56bfc062723c751e8b465ee728b)  -> (artifact id: 'c02c1361748b06fac84ecd6228c3e512') in 0.223098 seconds 
  Import took 0.225418 seconds .

========================================================================
Received Import Request.
  Time since last request: 0.000195 seconds.
  path: Assets/AllSkyFree/AllSkyDemoEnvironment/Materials/Landscape.mat
  artifactKey: Guid(36b724f005def154c831325bf69c83e0) Importer(815301076,1909f56bfc062723c751e8b465ee728b)
Start importing Assets/AllSkyFree/AllSkyDemoEnvironment/Materials/Landscape.mat using Guid(36b724f005def154c831325bf69c83e0) Importer(815301076,1909f56bfc062723c751e8b465ee728b)  -> (artifact id: 'a63d687d5304e41e42c2f7a76208605e') in 0.120439 seconds 
  Import took 0.122680 seconds .

========================================================================
Received Import Request.
  Time since last request: 0.000178 seconds.
  path: Assets/unity-chan!/Unity-chan! Model/Art/Materials/Left.mat
  artifactKey: Guid(00cf17fb11d4e76448c2096f7ee6aa4f) Importer(815301076,1909f56bfc062723c751e8b465ee728b)
Start importing Assets/unity-chan!/Unity-chan! Model/Art/Materials/Left.mat using Guid(00cf17fb11d4e76448c2096f7ee6aa4f) Importer(815301076,1909f56bfc062723c751e8b465ee728b)  -> (artifact id: '91880f766d524b4641b7cc0450cc3ba0') in 0.018832 seconds 
  Import took 0.024089 seconds .

========================================================================
Received Import Request.
  Time since last request: 0.000234 seconds.
  path: Assets/QS/QS-Textures-Grass-v1/Materials/Mobile/QS-GRASS-1.2.mat
  artifactKey: Guid(1cbaee1df18ffbc4fa83eaf12a30f1be) Importer(815301076,1909f56bfc062723c751e8b465ee728b)
Start importing Assets/QS/QS-Textures-Grass-v1/Materials/Mobile/QS-GRASS-1.2.mat using Guid(1cbaee1df18ffbc4fa83eaf12a30f1be) Importer(815301076,1909f56bfc062723c751e8b465ee728b)  -> (artifact id: '4ad79b33c121724c2bcb6f8efc84ced6') in 0.017049 seconds 
  Import took 0.019674 seconds .

========================================================================
Received Import Request.
  Time since last request: 0.000197 seconds.
  path: Assets/unity-chan!/Unity-chan! Model/Art/UnityChanShader/Materials/mat_cheek.mat
  artifactKey: Guid(4efe8cdcc7b554591bde513d7bde06d0) Importer(815301076,1909f56bfc062723c751e8b465ee728b)
Start importing Assets/unity-chan!/Unity-chan! Model/Art/UnityChanShader/Materials/mat_cheek.mat using Guid(4efe8cdcc7b554591bde513d7bde06d0) Importer(815301076,1909f56bfc062723c751e8b465ee728b)  -> (artifact id: '88b88f42f244201f520ca30404ae1fb5') in 0.007226 seconds 
  Import took 0.012950 seconds .

========================================================================
Received Import Request.
  Time since last request: 0.000216 seconds.
  path: Assets/unity-chan!/Unity-chan! Model/Art/Materials/hair.mat
  artifactKey: Guid(5ebb6caef8207d243a588a574971408c) Importer(815301076,1909f56bfc062723c751e8b465ee728b)
Start importing Assets/unity-chan!/Unity-chan! Model/Art/Materials/hair.mat using Guid(5ebb6caef8207d243a588a574971408c) Importer(815301076,1909f56bfc062723c751e8b465ee728b)  -> (artifact id: '9b33b04b19e95ed8257aaa6145ccbbd3') in 0.087358 seconds 
  Import took 0.090775 seconds .

========================================================================
Received Import Request.
  Time since last request: 0.000263 seconds.
  path: Assets/unity-chan!/Unity-chan! Model/Art/Materials/eyeline.mat
  artifactKey: Guid(407f97b032a277c44b753ed1c256a3b8) Importer(815301076,1909f56bfc062723c751e8b465ee728b)
Start importing Assets/unity-chan!/Unity-chan! Model/Art/Materials/eyeline.mat using Guid(407f97b032a277c44b753ed1c256a3b8) Importer(815301076,1909f56bfc062723c751e8b465ee728b)  -> (artifact id: '18b9128bbb0ae5b069fac97ee4d9c11c') in 0.062054 seconds 
  Import took 0.064635 seconds .

========================================================================
Received Import Request.
  Time since last request: 0.000208 seconds.
  path: Assets/AllSkyFree/Epic_GloriousPink/Epic_GloriousPink Equirect.mat
  artifactKey: Guid(fe4e130f9947345a2b213cb5038851a2) Importer(815301076,1909f56bfc062723c751e8b465ee728b)
Start importing Assets/AllSkyFree/Epic_GloriousPink/Epic_GloriousPink Equirect.mat using Guid(fe4e130f9947345a2b213cb5038851a2) Importer(815301076,1909f56bfc062723c751e8b465ee728b)  -> (artifact id: '3df49e3418ebb91d0a4996bb671f9ec5') in 0.069560 seconds 
  Import took 0.071720 seconds .

========================================================================
Received Import Request.
  Time since last request: 0.000165 seconds.
  path: Assets/unity-chan!/Unity-chan! Model/Art/UnityChanShader/Materials/eyeline.mat
  artifactKey: Guid(7bac98231102243919a4534a06cc74ba) Importer(815301076,1909f56bfc062723c751e8b465ee728b)
Start importing Assets/unity-chan!/Unity-chan! Model/Art/UnityChanShader/Materials/eyeline.mat using Guid(7bac98231102243919a4534a06cc74ba) Importer(815301076,1909f56bfc062723c751e8b465ee728b)  -> (artifact id: '88adda7dce1542333aeb700b7a9ec86b') in 0.010120 seconds 
  Import took 0.012938 seconds .

========================================================================
Received Import Request.
  Time since last request: 0.000188 seconds.
  path: Assets/unity-chan!/Unity-chan! Model/Art/Materials/face.mat
  artifactKey: Guid(4d83bd267b90e934e88637afcd02cb8a) Importer(815301076,1909f56bfc062723c751e8b465ee728b)
Start importing Assets/unity-chan!/Unity-chan! Model/Art/Materials/face.mat using Guid(4d83bd267b90e934e88637afcd02cb8a) Importer(815301076,1909f56bfc062723c751e8b465ee728b)  -> (artifact id: '939c6713bf8558ed87837ec0200c9f02') in 0.017323 seconds 
  Import took 0.020125 seconds .

========================================================================
Received Import Request.
  Time since last request: 0.000186 seconds.
  path: Assets/unity-chan!/Unity-chan! Model/Art/UnityChanShader/Materials/eyebase.mat
  artifactKey: Guid(c7d8484a18b294b4ea192d6a82f2e0d5) Importer(815301076,1909f56bfc062723c751e8b465ee728b)
Start importing Assets/unity-chan!/Unity-chan! Model/Art/UnityChanShader/Materials/eyebase.mat using Guid(c7d8484a18b294b4ea192d6a82f2e0d5) Importer(815301076,1909f56bfc062723c751e8b465ee728b)  -> (artifact id: '11e6a346108ce7f7aaa17078165fbc6c') in 0.056000 seconds 
  Import took 0.062272 seconds .

========================================================================
Received Import Request.
  Time since last request: 0.000170 seconds.
  path: Assets/unity-chan!/Unity-chan! Model/Art/Materials/eyebase.mat
  artifactKey: Guid(9bec51fc47eda6047ba5cc01addbf46f) Importer(815301076,1909f56bfc062723c751e8b465ee728b)
Start importing Assets/unity-chan!/Unity-chan! Model/Art/Materials/eyebase.mat using Guid(9bec51fc47eda6047ba5cc01addbf46f) Importer(815301076,1909f56bfc062723c751e8b465ee728b)  -> (artifact id: '5d89ab66db43c56b16a2763d231cf195') in 0.015318 seconds 
  Import took 0.017828 seconds .

========================================================================
Received Import Request.
  Time since last request: 0.000199 seconds.
  path: Assets/unity-chan!/Unity-chan! Model/Art/UnityChanShader/Materials/eye_L1.mat
  artifactKey: Guid(a0186681a218f4550a84e6f0488e8b61) Importer(815301076,1909f56bfc062723c751e8b465ee728b)
Start importing Assets/unity-chan!/Unity-chan! Model/Art/UnityChanShader/Materials/eye_L1.mat using Guid(a0186681a218f4550a84e6f0488e8b61) Importer(815301076,1909f56bfc062723c751e8b465ee728b)  -> (artifact id: '173a73aaf473fa3f8ad3c02eeb545ece') in 0.015462 seconds 
  Import took 0.018497 seconds .

========================================================================
Received Import Request.
  Time since last request: 0.000215 seconds.
  path: Assets/unity-chan!/Unity-chan! Model/Art/Materials/eye_R1.mat
  artifactKey: Guid(a87def7cf3654cc43add52e645fee2ce) Importer(815301076,1909f56bfc062723c751e8b465ee728b)
Start importing Assets/unity-chan!/Unity-chan! Model/Art/Materials/eye_R1.mat using Guid(a87def7cf3654cc43add52e645fee2ce) Importer(815301076,1909f56bfc062723c751e8b465ee728b)  -> (artifact id: 'b4db5fe42d10a3dce402765deb592d75') in 0.018936 seconds 
  Import took 0.022765 seconds .

========================================================================
Received Import Request.
  Time since last request: 0.000236 seconds.
  path: Assets/unity-chan!/Unity-chan! Model/Art/Materials/eye_L1.mat
  artifactKey: Guid(4987862c1c195e74c86994ba4bcbd812) Importer(815301076,1909f56bfc062723c751e8b465ee728b)
Start importing Assets/unity-chan!/Unity-chan! Model/Art/Materials/eye_L1.mat using Guid(4987862c1c195e74c86994ba4bcbd812) Importer(815301076,1909f56bfc062723c751e8b465ee728b)  -> (artifact id: '9768f64683c917525d261b3c3c5d2663') in 0.008429 seconds 
  Import took 0.014707 seconds .

========================================================================
Received Import Request.
  Time since last request: 0.000329 seconds.
  path: Assets/unity-chan!/Unity-chan! Model/Art/UnityChanShader/Materials/face.mat
  artifactKey: Guid(cb35fb92776d24a65827b1d3ab18fe60) Importer(815301076,1909f56bfc062723c751e8b465ee728b)
Start importing Assets/unity-chan!/Unity-chan! Model/Art/UnityChanShader/Materials/face.mat using Guid(cb35fb92776d24a65827b1d3ab18fe60) Importer(815301076,1909f56bfc062723c751e8b465ee728b)  -> (artifact id: '21e5d09648f04cc3f3d3367aba7eb3e6') in 0.018841 seconds 
  Import took 0.022138 seconds .

========================================================================
Received Import Request.
  Time since last request: 0.000195 seconds.
  path: Assets/unity-chan!/Unity-chan! Model/Art/Materials/eye_R1.mat
  artifactKey: Guid(a87def7cf3654cc43add52e645fee2ce) Importer(815301076,1909f56bfc062723c751e8b465ee728b)
Start importing Assets/unity-chan!/Unity-chan! Model/Art/Materials/eye_R1.mat using Guid(a87def7cf3654cc43add52e645fee2ce) Importer(815301076,1909f56bfc062723c751e8b465ee728b)  -> (artifact id: 'b4db5fe42d10a3dce402765deb592d75') in 0.010895 seconds 
  Import took 0.013928 seconds .

========================================================================
Received Import Request.
  Time since last request: 0.000180 seconds.
  path: Assets/unity-chan!/Unity-chan! Model/Art/UnityChanShader/Materials/eye_R1.mat
  artifactKey: Guid(f37e71293707f43b9b83c1925ad01bd7) Importer(815301076,1909f56bfc062723c751e8b465ee728b)
Start importing Assets/unity-chan!/Unity-chan! Model/Art/UnityChanShader/Materials/eye_R1.mat using Guid(f37e71293707f43b9b83c1925ad01bd7) Importer(815301076,1909f56bfc062723c751e8b465ee728b)  -> (artifact id: '6d416580aa575e725061cce32e713e6d') in 0.007228 seconds 
  Import took 0.013141 seconds .

========================================================================
Received Import Request.
  Time since last request: 0.000327 seconds.
  path: Assets/unity-chan!/Unity-chan! Model/Art/UnityChanShader/Materials/hair.mat
  artifactKey: Guid(0686b679809f14929a8d7f427cbb4da3) Importer(815301076,1909f56bfc062723c751e8b465ee728b)
Start importing Assets/unity-chan!/Unity-chan! Model/Art/UnityChanShader/Materials/hair.mat using Guid(0686b679809f14929a8d7f427cbb4da3) Importer(815301076,1909f56bfc062723c751e8b465ee728b)  -> (artifact id: '86c3bcfceadf4770c322089469ad071b') in 0.014310 seconds 
  Import took 0.017303 seconds .

========================================================================
Received Import Request.
  Time since last request: 0.028162 seconds.
  path: Assets/AllSkyFree/Deep Dusk/Deep Dusk.mat
  artifactKey: Guid(b4f152e0498484391a9f0d5a1facf03b) Importer(815301076,1909f56bfc062723c751e8b465ee728b)
Start importing Assets/AllSkyFree/Deep Dusk/Deep Dusk.mat using Guid(b4f152e0498484391a9f0d5a1facf03b) Importer(815301076,1909f56bfc062723c751e8b465ee728b)  -> (artifact id: 'b50d4aa2a89661561e0ce72d37e08c75') in 0.024778 seconds 
  Import took 0.031322 seconds .

========================================================================
Received Import Request.
  Time since last request: 0.000259 seconds.
  path: Assets/AllSkyFree/Epic_BlueSunset/Epic_BlueSunset Equirect.mat
  artifactKey: Guid(cdbb40e11399e4a17882ada20a1b896a) Importer(815301076,1909f56bfc062723c751e8b465ee728b)
Start importing Assets/AllSkyFree/Epic_BlueSunset/Epic_BlueSunset Equirect.mat using Guid(cdbb40e11399e4a17882ada20a1b896a) Importer(815301076,1909f56bfc062723c751e8b465ee728b)  -> (artifact id: 'd0b462eb6570defc9f3570a9ad23c29c') in 0.022805 seconds 
  Import took 0.025203 seconds .

========================================================================
Received Import Request.
  Time since last request: 0.000189 seconds.
  path: Assets/AllSkyFree/Cold Sunset/Cold Sunset Equirect.mat
  artifactKey: Guid(01f4eb1c73693428d923f1520032e7f9) Importer(815301076,1909f56bfc062723c751e8b465ee728b)
Start importing Assets/AllSkyFree/Cold Sunset/Cold Sunset Equirect.mat using Guid(01f4eb1c73693428d923f1520032e7f9) Importer(815301076,1909f56bfc062723c751e8b465ee728b)  -> (artifact id: '1fe110adb2a60dfe7eeb93d638212e29') in 0.025285 seconds 
  Import took 0.027845 seconds .

========================================================================
Received Import Request.
  Time since last request: 0.000206 seconds.
  path: Assets/AllSkyFree/Deep Dusk/Deep Dusk Equirect.mat
  artifactKey: Guid(c82a334cf5a5e47978749c210cee72a7) Importer(815301076,1909f56bfc062723c751e8b465ee728b)
Start importing Assets/AllSkyFree/Deep Dusk/Deep Dusk Equirect.mat using Guid(c82a334cf5a5e47978749c210cee72a7) Importer(815301076,1909f56bfc062723c751e8b465ee728b)  -> (artifact id: '0732a2a0cd6acf645d6c6fe4f7bf58ec') in 0.022142 seconds 
  Import took 0.024996 seconds .

========================================================================
Received Import Request.
  Time since last request: 0.002814 seconds.
  path: Assets/AllSkyFree/Cold Night/Cold Night Equirect.mat
  artifactKey: Guid(eac2ef371405749e0bd050b4c3272f16) Importer(815301076,1909f56bfc062723c751e8b465ee728b)
Start importing Assets/AllSkyFree/Cold Night/Cold Night Equirect.mat using Guid(eac2ef371405749e0bd050b4c3272f16) Importer(815301076,1909f56bfc062723c751e8b465ee728b)  -> (artifact id: 'f841a4285cfd65c01ef151423ac8544b') in 0.021100 seconds 
  Import took 0.023894 seconds .

========================================================================
Received Import Request.
  Time since last request: 0.000185 seconds.
  path: Assets/AllSkyFree/Epic_BlueSunset/Epic_BlueSunset.mat
  artifactKey: Guid(7416536dbe0334cfd888dd1beb75a9fb) Importer(815301076,1909f56bfc062723c751e8b465ee728b)
Start importing Assets/AllSkyFree/Epic_BlueSunset/Epic_BlueSunset.mat using Guid(7416536dbe0334cfd888dd1beb75a9fb) Importer(815301076,1909f56bfc062723c751e8b465ee728b)  -> (artifact id: '53ecb0d1bdcd0694d4e2511d730274b5') in 0.200787 seconds 
  Import took 0.203498 seconds .

========================================================================
Received Import Request.
  Time since last request: 0.000181 seconds.
  path: Assets/AllSkyFree/Cold Sunset/Cold Sunset.mat
  artifactKey: Guid(2d796ced94d61438fbab81b194038162) Importer(815301076,1909f56bfc062723c751e8b465ee728b)
Start importing Assets/AllSkyFree/Cold Sunset/Cold Sunset.mat using Guid(2d796ced94d61438fbab81b194038162) Importer(815301076,1909f56bfc062723c751e8b465ee728b)  -> (artifact id: '39c39bcb68970a8068f1a83725122c10') in 0.027844 seconds 
  Import took 0.030452 seconds .

========================================================================
Received Import Request.
  Time since last request: 0.000215 seconds.
  path: Assets/AllSkyFree/Epic_GloriousPink/Epic_GloriousPink.mat
  artifactKey: Guid(8b7dd0809c7c6498789fa32a61eaa6cb) Importer(815301076,1909f56bfc062723c751e8b465ee728b)
Start importing Assets/AllSkyFree/Epic_GloriousPink/Epic_GloriousPink.mat using Guid(8b7dd0809c7c6498789fa32a61eaa6cb) Importer(815301076,1909f56bfc062723c751e8b465ee728b)  -> (artifact id: '5c8e80326e1de5a77739e3bfed646a8a') in 0.029129 seconds 
  Import took 0.032003 seconds .

========================================================================
Received Import Request.
  Time since last request: 0.000189 seconds.
  path: Assets/AllSkyFree/Cartoon Base BlueSky/Day_BlueSky_Nothing Equirect.mat
  artifactKey: Guid(73324b55f67f54c7bbf43204788b8bbe) Importer(815301076,1909f56bfc062723c751e8b465ee728b)
Start importing Assets/AllSkyFree/Cartoon Base BlueSky/Day_BlueSky_Nothing Equirect.mat using Guid(73324b55f67f54c7bbf43204788b8bbe) Importer(815301076,1909f56bfc062723c751e8b465ee728b)  -> (artifact id: '6ef30385a9d928a760df45d8467c6607') in 0.020699 seconds 
  Import took 0.026530 seconds .

========================================================================
Received Import Request.
  Time since last request: 0.000246 seconds.
  path: Assets/AllSkyFree/Cartoon Base BlueSky/Day_BlueSky_Nothing.mat
  artifactKey: Guid(c56e28e54cac24b04ae3dd957d214534) Importer(815301076,1909f56bfc062723c751e8b465ee728b)
Start importing Assets/AllSkyFree/Cartoon Base BlueSky/Day_BlueSky_Nothing.mat using Guid(c56e28e54cac24b04ae3dd957d214534) Importer(815301076,1909f56bfc062723c751e8b465ee728b)  -> (artifact id: 'ef0f0dfe5e9e1139d10eb68c8918915c') in 0.018678 seconds 
  Import took 0.021512 seconds .

========================================================================
Received Import Request.
  Time since last request: 0.005210 seconds.
  path: Assets/AllSkyFree/Cartoon Base BlueSky/Day_BlueSky_Nothing Equirect.mat
  artifactKey: Guid(73324b55f67f54c7bbf43204788b8bbe) Importer(815301076,1909f56bfc062723c751e8b465ee728b)
Start importing Assets/AllSkyFree/Cartoon Base BlueSky/Day_BlueSky_Nothing Equirect.mat using Guid(73324b55f67f54c7bbf43204788b8bbe) Importer(815301076,1909f56bfc062723c751e8b465ee728b)  -> (artifact id: '6ef30385a9d928a760df45d8467c6607') in 0.018352 seconds 
  Import took 0.023317 seconds .

========================================================================
Received Import Request.
  Time since last request: 0.166724 seconds.
  path: Assets/unity-chan!/Unity-chan! Model/Art/UnityChanShader/Materials/body.mat
  artifactKey: Guid(3b399c72488294c53b66f39632a8fe8b) Importer(815301076,1909f56bfc062723c751e8b465ee728b)
Start importing Assets/unity-chan!/Unity-chan! Model/Art/UnityChanShader/Materials/body.mat using Guid(3b399c72488294c53b66f39632a8fe8b) Importer(815301076,1909f56bfc062723c751e8b465ee728b)  -> (artifact id: '9bb897b377e5cb7e11dcb8a2c4218dd3') in 0.020497 seconds 
  Import took 0.023098 seconds .

========================================================================
Received Import Request.
  Time since last request: 0.000199 seconds.
  path: Assets/AllSkyFree/Cold Night/Cold Night.mat
  artifactKey: Guid(9af23ba5fa5364ff598888460e0e2759) Importer(815301076,1909f56bfc062723c751e8b465ee728b)
Start importing Assets/AllSkyFree/Cold Night/Cold Night.mat using Guid(9af23ba5fa5364ff598888460e0e2759) Importer(815301076,1909f56bfc062723c751e8b465ee728b)  -> (artifact id: 'ed441c072175d5c318a58157462fac0f') in 0.024942 seconds 
  Import took 0.027308 seconds .

========================================================================
Received Import Request.
  Time since last request: 0.000172 seconds.
  path: Assets/AllSkyFree/Cartoon Base NightSky/Cartoon Base NightSky.mat
  artifactKey: Guid(aa78c8d403a8547fe86d1f74239e6b03) Importer(815301076,1909f56bfc062723c751e8b465ee728b)
Start importing Assets/AllSkyFree/Cartoon Base NightSky/Cartoon Base NightSky.mat using Guid(aa78c8d403a8547fe86d1f74239e6b03) Importer(815301076,1909f56bfc062723c751e8b465ee728b)  -> (artifact id: 'c192e309b9303b045dec3a53013cd32e') in 0.025320 seconds 
  Import took 0.028345 seconds .

========================================================================
Received Import Request.
  Time since last request: 0.001517 seconds.
  path: Assets/AllSkyFree/Cartoon Base NightSky/Cartoon Base NightSky Equirect.mat
  artifactKey: Guid(3a6db933fef1d4c759bf21220420505f) Importer(815301076,1909f56bfc062723c751e8b465ee728b)
Start importing Assets/AllSkyFree/Cartoon Base NightSky/Cartoon Base NightSky Equirect.mat using Guid(3a6db933fef1d4c759bf21220420505f) Importer(815301076,1909f56bfc062723c751e8b465ee728b)  -> (artifact id: 'c04a40e06b448ed88930dcea638895c7') in 0.020490 seconds 
  Import took 0.023528 seconds .

========================================================================
Received Import Request.
  Time since last request: 0.000208 seconds.
  path: Assets/unity-chan!/Unity-chan! Model/Art/Materials/body.mat
  artifactKey: Guid(bb570020a8c3bad4bbf803af20e78937) Importer(815301076,1909f56bfc062723c751e8b465ee728b)
Start importing Assets/unity-chan!/Unity-chan! Model/Art/Materials/body.mat using Guid(bb570020a8c3bad4bbf803af20e78937) Importer(815301076,1909f56bfc062723c751e8b465ee728b)  -> (artifact id: 'd878e655617265cdcb38faa2543b85a1') in 0.015498 seconds 
  Import took 0.018002 seconds .

========================================================================
Received Import Request.
  Time since last request: 0.470147 seconds.
  path: Assets/AllSkyFree/AllSkyDemoEnvironment/Materials/AllSkyDemoEnv_MountainGlow.mat
  artifactKey: Guid(413befd66bdd84d569871d0524b4685a) Importer(815301076,1909f56bfc062723c751e8b465ee728b)
Start importing Assets/AllSkyFree/AllSkyDemoEnvironment/Materials/AllSkyDemoEnv_MountainGlow.mat using Guid(413befd66bdd84d569871d0524b4685a) Importer(815301076,1909f56bfc062723c751e8b465ee728b)  -> (artifact id: '54399670a29e46decb2c9120eafbb70b') in 0.140695 seconds 
  Import took 0.143363 seconds .

========================================================================
Received Import Request.
  Time since last request: 0.000229 seconds.
  path: Assets/AllSkyFree/AllSkyDemoEnvironment/Materials/AllSkyDemoEnv_Rock.mat
  artifactKey: Guid(2e6761ef29bab414093fbcc3d8b98559) Importer(815301076,1909f56bfc062723c751e8b465ee728b)
Start importing Assets/AllSkyFree/AllSkyDemoEnvironment/Materials/AllSkyDemoEnv_Rock.mat using Guid(2e6761ef29bab414093fbcc3d8b98559) Importer(815301076,1909f56bfc062723c751e8b465ee728b)  -> (artifact id: 'c533d33964e1d27508ff7faa4f941b9f') in 0.016128 seconds 
  Import took 0.018427 seconds .

========================================================================
Received Import Request.
  Time since last request: 0.000202 seconds.
  path: Assets/AllSkyFree/AllSkyDemoEnvironment/Materials/AllSkyDemoEnv_SphereSkyReflect.mat
  artifactKey: Guid(13177a7929fc94508aeae20a9a650440) Importer(815301076,1909f56bfc062723c751e8b465ee728b)
Start importing Assets/AllSkyFree/AllSkyDemoEnvironment/Materials/AllSkyDemoEnv_SphereSkyReflect.mat using Guid(13177a7929fc94508aeae20a9a650440) Importer(815301076,1909f56bfc062723c751e8b465ee728b)  -> (artifact id: '42aad3707e068d54e16c236332cb80f8') in 0.326317 seconds 
  Import took 0.328896 seconds .

========================================================================
Received Import Request.
  Time since last request: 0.000194 seconds.
  path: Assets/AllSkyFree/AllSkyDemoEnvironment/Materials/AllSkyDemoEnv_TreeLeaves.mat
  artifactKey: Guid(3386ea1f916284d438a5d95882e39fd6) Importer(815301076,1909f56bfc062723c751e8b465ee728b)
Start importing Assets/AllSkyFree/AllSkyDemoEnvironment/Materials/AllSkyDemoEnv_TreeLeaves.mat using Guid(3386ea1f916284d438a5d95882e39fd6) Importer(815301076,1909f56bfc062723c751e8b465ee728b)  -> (artifact id: '9d6e481c3a7fc4f686e469632b8eb873') in 0.015158 seconds 
  Import took 0.017984 seconds .

========================================================================
Received Import Request.
  Time since last request: 0.000189 seconds.
  path: Assets/AllSkyFree/AllSkyDemoEnvironment/Materials/AllSkyDemoEnv_TreeTrunk.mat
  artifactKey: Guid(6e219c5ff336949179da2590886e94eb) Importer(815301076,1909f56bfc062723c751e8b465ee728b)
Start importing Assets/AllSkyFree/AllSkyDemoEnvironment/Materials/AllSkyDemoEnv_TreeTrunk.mat using Guid(6e219c5ff336949179da2590886e94eb) Importer(815301076,1909f56bfc062723c751e8b465ee728b)  -> (artifact id: '3ba6804ce5aeb3bba39eee515821c9e5') in 0.015657 seconds 
  Import took 0.018492 seconds .

========================================================================
Received Import Request.
  Time since last request: 39.657226 seconds.
  path: Assets/AllSkyFree/AllSkyDemoEnvironment/Materials/AllSkyDemoEnv_Flag_Red.mat
  artifactKey: Guid(174e7977166824bf49a2c2f4b54fd066) Importer(815301076,1909f56bfc062723c751e8b465ee728b)
Start importing Assets/AllSkyFree/AllSkyDemoEnvironment/Materials/AllSkyDemoEnv_Flag_Red.mat using Guid(174e7977166824bf49a2c2f4b54fd066) Importer(815301076,1909f56bfc062723c751e8b465ee728b)  -> (artifact id: '0db44a881cd51526653cda40d5c47afe') in 0.011976 seconds 
  Import took 0.020503 seconds .

========================================================================
Received Import Request.
  Time since last request: 0.000207 seconds.
  path: Assets/AllSkyFree/AllSkyDemoEnvironment/Materials/AllSkyDemoEnv_FlagGreen.mat
  artifactKey: Guid(eba7c646abc914766b797ce6e6b6aef8) Importer(815301076,1909f56bfc062723c751e8b465ee728b)
Start importing Assets/AllSkyFree/AllSkyDemoEnvironment/Materials/AllSkyDemoEnv_FlagGreen.mat using Guid(eba7c646abc914766b797ce6e6b6aef8) Importer(815301076,1909f56bfc062723c751e8b465ee728b)  -> (artifact id: '3582ae9dc21d7c93fcb3fb1e4c28e676') in 0.009898 seconds 
  Import took 0.012290 seconds .

========================================================================
Received Import Request.
  Time since last request: 0.000176 seconds.
  path: Assets/AllSkyFree/AllSkyDemoEnvironment/Materials/AllSkyDemoEnv_LightMetal.mat
  artifactKey: Guid(a7f9f8058b27648f4ba9ed54ced4ac00) Importer(815301076,1909f56bfc062723c751e8b465ee728b)
Start importing Assets/AllSkyFree/AllSkyDemoEnvironment/Materials/AllSkyDemoEnv_LightMetal.mat using Guid(a7f9f8058b27648f4ba9ed54ced4ac00) Importer(815301076,1909f56bfc062723c751e8b465ee728b)  -> (artifact id: '3a15f31ad460896b67381bca2288e890') in 0.013463 seconds 
  Import took 0.021378 seconds .

========================================================================
Received Import Request.
  Time since last request: 0.000739 seconds.
  path: Assets/AllSkyFree/AllSkyDemoEnvironment/Materials/AllSkyDemoEnv_Landscape.mat
  artifactKey: Guid(179503e6ea7a5414da971761ed8ad6a1) Importer(815301076,1909f56bfc062723c751e8b465ee728b)
Start importing Assets/AllSkyFree/AllSkyDemoEnvironment/Materials/AllSkyDemoEnv_Landscape.mat using Guid(179503e6ea7a5414da971761ed8ad6a1) Importer(815301076,1909f56bfc062723c751e8b465ee728b)  -> (artifact id: 'a5ccaa75c27d55a0538f7e0a5d24ff91') in 0.015933 seconds 
  Import took 0.019040 seconds .

========================================================================
Received Import Request.
  Time since last request: 0.000187 seconds.
  path: Assets/AllSkyFree/AllSkyDemoEnvironment/Materials/AllSkyDemoEnv_LightIllum.mat
  artifactKey: Guid(05aa87d4636d34850a6f48daedd1b55c) Importer(815301076,1909f56bfc062723c751e8b465ee728b)
Start importing Assets/AllSkyFree/AllSkyDemoEnvironment/Materials/AllSkyDemoEnv_LightIllum.mat using Guid(05aa87d4636d34850a6f48daedd1b55c) Importer(815301076,1909f56bfc062723c751e8b465ee728b)  -> (artifact id: '61fa7fae53acf2462222c2a6b94907db') in 0.016463 seconds 
  Import took 0.018888 seconds .

========================================================================
Received Import Request.
  Time since last request: 0.000241 seconds.
  path: Assets/AllSkyFree/Space_AnotherPlanet/AllSky_Space_AnotherPlanet.mat
  artifactKey: Guid(656058fe318eb48558d21d66d1a79a2b) Importer(815301076,1909f56bfc062723c751e8b465ee728b)
Start importing Assets/AllSkyFree/Space_AnotherPlanet/AllSky_Space_AnotherPlanet.mat using Guid(656058fe318eb48558d21d66d1a79a2b) Importer(815301076,1909f56bfc062723c751e8b465ee728b)  -> (artifact id: '559f8d341d6cf5182f76150f06a65023') in 0.028432 seconds 
  Import took 0.031296 seconds .

========================================================================
Received Import Request.
  Time since last request: 0.000227 seconds.
  path: Assets/AllSkyFree/AllSkyDemoEnvironment/Materials/AllSkyDemoEnv_Building.mat
  artifactKey: Guid(5f35d0bb3bb3e45048ec76b0a3157c01) Importer(815301076,1909f56bfc062723c751e8b465ee728b)
Start importing Assets/AllSkyFree/AllSkyDemoEnvironment/Materials/AllSkyDemoEnv_Building.mat using Guid(5f35d0bb3bb3e45048ec76b0a3157c01) Importer(815301076,1909f56bfc062723c751e8b465ee728b)  -> (artifact id: 'ead1285edb5ea379a8937baa15dfae0a') in 0.014790 seconds 
  Import took 0.017491 seconds .

========================================================================
Received Import Request.
  Time since last request: 0.000179 seconds.
  path: Assets/AllSkyFree/AllSkyDemoEnvironment/Materials/AllSkyDemoEnv_Flag_Gold.mat
  artifactKey: Guid(e647ded4fdda54d5c82ce352c1b0be01) Importer(815301076,1909f56bfc062723c751e8b465ee728b)
Start importing Assets/AllSkyFree/AllSkyDemoEnvironment/Materials/AllSkyDemoEnv_Flag_Gold.mat using Guid(e647ded4fdda54d5c82ce352c1b0be01) Importer(815301076,1909f56bfc062723c751e8b465ee728b)  -> (artifact id: 'fe0a660a7d555c44a3eeb9ef0b172f32') in 0.015969 seconds 
  Import took 0.018210 seconds .

========================================================================
Received Import Request.
  Time since last request: 0.000198 seconds.
  path: Assets/AllSkyFree/Space_AnotherPlanet/AllSky_Space_AnotherPlanet Equirect.mat
  artifactKey: Guid(13f6e5eed33d84c76979f1ec06b5e48c) Importer(815301076,1909f56bfc062723c751e8b465ee728b)
Start importing Assets/AllSkyFree/Space_AnotherPlanet/AllSky_Space_AnotherPlanet Equirect.mat using Guid(13f6e5eed33d84c76979f1ec06b5e48c) Importer(815301076,1909f56bfc062723c751e8b465ee728b)  -> (artifact id: '4e93042fa225caeac0f7b36053640428') in 0.019443 seconds 
  Import took 0.024271 seconds .

========================================================================
Received Import Request.
  Time since last request: 0.000270 seconds.
  path: Assets/AllSkyFree/AllSkyDemoEnvironment/Materials/AllSkyDemoEnv_Flag_Blue.mat
  artifactKey: Guid(fbc2e1c016c544198be90cefecf38f0f) Importer(815301076,1909f56bfc062723c751e8b465ee728b)
Start importing Assets/AllSkyFree/AllSkyDemoEnvironment/Materials/AllSkyDemoEnv_Flag_Blue.mat using Guid(fbc2e1c016c544198be90cefecf38f0f) Importer(815301076,1909f56bfc062723c751e8b465ee728b)  -> (artifact id: 'caa33c673415024e2488e963fe3f6a6f') in 0.014424 seconds 
  Import took 0.018109 seconds .

========================================================================
Received Import Request.
  Time since last request: 0.167727 seconds.
  path: Assets/AllSkyFree/AllSkyDemoEnvironment/AdditiveSprite.mat
  artifactKey: Guid(aa556f6275fc744de969c712a17350e7) Importer(815301076,1909f56bfc062723c751e8b465ee728b)
Start importing Assets/AllSkyFree/AllSkyDemoEnvironment/AdditiveSprite.mat using Guid(aa556f6275fc744de969c712a17350e7) Importer(815301076,1909f56bfc062723c751e8b465ee728b)  -> (artifact id: '91294355a8c396cf0043fd62ddbf41df') in 0.040772 seconds 
  Import took 0.043008 seconds .

========================================================================
Received Import Request.
  Time since last request: 0.000182 seconds.
  path: Assets/AllSkyFree/Night MoonBurst/AllSky_Night_MoonBurst Equirect.mat
  artifactKey: Guid(51b74d7bad397457d883c5940f7664d8) Importer(815301076,1909f56bfc062723c751e8b465ee728b)
Start importing Assets/AllSkyFree/Night MoonBurst/AllSky_Night_MoonBurst Equirect.mat using Guid(51b74d7bad397457d883c5940f7664d8) Importer(815301076,1909f56bfc062723c751e8b465ee728b)  -> (artifact id: '4ca37fb9d2e839476718e1bd6863bf58') in 0.021285 seconds 
  Import took 0.025425 seconds .

========================================================================
Received Import Request.
  Time since last request: 0.000208 seconds.
  path: Assets/AllSkyFree/Overcast Low/AllSky_Overcast4_Low Equirect.mat
  artifactKey: Guid(54fe2f000ad8f424fb63cc3ea0ae2bb2) Importer(815301076,1909f56bfc062723c751e8b465ee728b)
Start importing Assets/AllSkyFree/Overcast Low/AllSky_Overcast4_Low Equirect.mat using Guid(54fe2f000ad8f424fb63cc3ea0ae2bb2) Importer(815301076,1909f56bfc062723c751e8b465ee728b)  -> (artifact id: 'dda35eb08cc562e00b9137bf0b2b9494') in 0.029471 seconds 
  Import took 0.032085 seconds .

========================================================================
Received Import Request.
  Time since last request: 0.000207 seconds.
  path: Assets/AllSkyFree/Overcast Low/AllSky_Overcast4_Low.mat
  artifactKey: Guid(f2b5f3f20933f434e850db1b710542fd) Importer(815301076,1909f56bfc062723c751e8b465ee728b)
Start importing Assets/AllSkyFree/Overcast Low/AllSky_Overcast4_Low.mat using Guid(f2b5f3f20933f434e850db1b710542fd) Importer(815301076,1909f56bfc062723c751e8b465ee728b)  -> (artifact id: 'eb3a8efccf48937cf7805fca35f9b4ac') in 0.022887 seconds 
  Import took 0.028163 seconds .

========================================================================
Received Import Request.
  Time since last request: 55.329469 seconds.
  path: Assets/unity-chan!
  artifactKey: Guid(7432270dede4bd245a25387b8e80ee58) Importer(815301076,1909f56bfc062723c751e8b465ee728b)
Start importing Assets/unity-chan! using Guid(7432270dede4bd245a25387b8e80ee58) Importer(815301076,1909f56bfc062723c751e8b465ee728b)  -> (artifact id: '9e35d81332473ecd0f637e1b719928f9') in 0.010126 seconds 
  Import took 0.012814 seconds .

========================================================================
Received Import Request.
  Time since last request: 1.149857 seconds.
  path: Assets/unity-chan!/Unity-chan! Model
  artifactKey: Guid(6395fe2434a22ef41b83186b290f8fab) Importer(815301076,1909f56bfc062723c751e8b465ee728b)
Start importing Assets/unity-chan!/Unity-chan! Model using Guid(6395fe2434a22ef41b83186b290f8fab) Importer(815301076,1909f56bfc062723c751e8b465ee728b)  -> (artifact id: '4da1c6fc935fe302be838b1c133b3a4e') in 0.007227 seconds 
  Import took 0.011107 seconds .

========================================================================
Received Import Request.
  Time since last request: 1.732415 seconds.
  path: Assets/unity-chan!/Unity-chan! Model/Prefabs
  artifactKey: Guid(f875c0a860fab1c498f1ed5edcee2b47) Importer(815301076,1909f56bfc062723c751e8b465ee728b)
Start importing Assets/unity-chan!/Unity-chan! Model/Prefabs using Guid(f875c0a860fab1c498f1ed5edcee2b47) Importer(815301076,1909f56bfc062723c751e8b465ee728b)  -> (artifact id: '2c700920a4e942a0b8a1c2cc49452732') in 0.008126 seconds 
  Import took 0.011118 seconds .

========================================================================
Received Import Request.
  Time since last request: 0.000375 seconds.
  path: Assets/unity-chan!/Unity-chan! Model/Prefabs
  artifactKey: Guid(f875c0a860fab1c498f1ed5edcee2b47) Importer(815301076,1909f56bfc062723c751e8b465ee728b)
Start importing Assets/unity-chan!/Unity-chan! Model/Prefabs using Guid(f875c0a860fab1c498f1ed5edcee2b47) Importer(815301076,1909f56bfc062723c751e8b465ee728b)  -> (artifact id: '2c700920a4e942a0b8a1c2cc49452732') in 0.007337 seconds 
  Import took 0.009915 seconds .

========================================================================
Received Import Request.
  Time since last request: 0.053422 seconds.
  path: Assets/unity-chan!/Unity-chan! Model/Prefabs/BoxUnityChan.prefab
  artifactKey: Guid(6788413dff62c534d8ca610faef3c7a2) Importer(815301076,1909f56bfc062723c751e8b465ee728b)
Start importing Assets/unity-chan!/Unity-chan! Model/Prefabs/BoxUnityChan.prefab using Guid(6788413dff62c534d8ca610faef3c7a2) Importer(815301076,1909f56bfc062723c751e8b465ee728b)  -> (artifact id: '72ec6e2c530127db209ed090f61a4719') in 0.049580 seconds 
  Import took 0.052393 seconds .

========================================================================
Received Import Request.
  Time since last request: 0.000225 seconds.
  path: Assets/unity-chan!/Unity-chan! Model/Prefabs/unitychan_dynamic.prefab
  artifactKey: Guid(49f2055d53eeb4e5a92af590a44bddee) Importer(815301076,1909f56bfc062723c751e8b465ee728b)
Start importing Assets/unity-chan!/Unity-chan! Model/Prefabs/unitychan_dynamic.prefab using Guid(49f2055d53eeb4e5a92af590a44bddee) Importer(815301076,1909f56bfc062723c751e8b465ee728b)  -> (artifact id: '44f3dfc0d8a224e3dc83e86fb26931bf') in 0.176825 seconds 
  Import took 0.183431 seconds .

========================================================================
Received Import Request.
  Time since last request: 0.000192 seconds.
  path: Assets/unity-chan!/Unity-chan! Model/Prefabs/LookPos.prefab
  artifactKey: Guid(6d5bff5837eca402492a89073b17c2e6) Importer(815301076,1909f56bfc062723c751e8b465ee728b)
Start importing Assets/unity-chan!/Unity-chan! Model/Prefabs/LookPos.prefab using Guid(6d5bff5837eca402492a89073b17c2e6) Importer(815301076,1909f56bfc062723c751e8b465ee728b)  -> (artifact id: '018d5f1ad59cdf40c886164d554607fc') in 0.015411 seconds 
  Import took 0.021441 seconds .

========================================================================
Received Import Request.
  Time since last request: 0.000253 seconds.
  path: Assets/unity-chan!/Unity-chan! Model/Prefabs/unitychan.prefab
  artifactKey: Guid(412b92d4feeb9c548bfa98f62c4d1022) Importer(815301076,1909f56bfc062723c751e8b465ee728b)
Start importing Assets/unity-chan!/Unity-chan! Model/Prefabs/unitychan.prefab using Guid(412b92d4feeb9c548bfa98f62c4d1022) Importer(815301076,1909f56bfc062723c751e8b465ee728b)  -> (artifact id: '033c4eceb43590bb5e06e8f21adc5250') in 0.086830 seconds 
  Import took 0.094017 seconds .

========================================================================
Received Import Request.
  Time since last request: 0.000183 seconds.
  path: Assets/unity-chan!/Unity-chan! Model/Prefabs/Locator_IKtarget.prefab
  artifactKey: Guid(88eeda7d3a9f2492da9213d1c1ab46d0) Importer(815301076,1909f56bfc062723c751e8b465ee728b)
Start importing Assets/unity-chan!/Unity-chan! Model/Prefabs/Locator_IKtarget.prefab using Guid(88eeda7d3a9f2492da9213d1c1ab46d0) Importer(815301076,1909f56bfc062723c751e8b465ee728b)  -> (artifact id: 'b7cdfc8ed24031bbdea39fbb5fd720cb') in 0.015077 seconds 
  Import took 0.017424 seconds .

========================================================================
Received Import Request.
  Time since last request: 0.000169 seconds.
  path: Assets/unity-chan!/Unity-chan! Model/Prefabs/Directional light for UnityChan.prefab
  artifactKey: Guid(b76c71a1e3f6c4fdab657f4fbf5466de) Importer(815301076,1909f56bfc062723c751e8b465ee728b)
Start importing Assets/unity-chan!/Unity-chan! Model/Prefabs/Directional light for UnityChan.prefab using Guid(b76c71a1e3f6c4fdab657f4fbf5466de) Importer(815301076,1909f56bfc062723c751e8b465ee728b)  -> (artifact id: '35484ba1ae8ee5b472a39c2ab3f06f0e') in 0.008607 seconds 
  Import took 0.015541 seconds .

========================================================================
Received Prepare
Registering precompiled user dll's ...
Registered in 0.004053 seconds.
Begin MonoManager ReloadAssembly
Native extension for WindowsStandalone target not found
Native extension for WebGL target not found
Refreshing native plugins compatible for Editor in 0.34 ms, found 2 plugins.
Preloading 0 native plugins for Editor in 0.00 ms.
Mono: successfully reloaded assembly
- Completed reload, in  1.070 seconds
Platform modules already initialized, skipping
Refreshing native plugins compatible for Editor in 0.33 ms, found 2 plugins.
Preloading 0 native plugins for Editor in 0.00 ms.
Unloading 1400 Unused Serialized files (Serialized files now loaded: 0)
System memory in use before: 91.6 MB.
System memory in use after: 91.7 MB.

Unloading 15 unused Assets to reduce memory usage. Loaded Objects now: 1906.
Total: 1.730000 ms (FindLiveObjects: 0.152300 ms CreateObjectMapping: 0.047100 ms MarkObjects: 1.469600 ms  DeleteObjects: 0.059800 ms)

AssetImportParameters requested are different than current active one (requested -> active):
  custom:framework-win-MediaFoundation: 216162199b28c13a410421893ffa2e32 -> 
  custom:video-decoder-ogg-theora: a1e56fd34408186e4bbccfd4996cb3dc -> 
  custom:container-muxer-webm: aa71ff27fc2769a1b78a27578f13a17b -> 
  custom:container-demuxer-webm: 4f35f7cbe854078d1ac9338744f61a02 -> 
  custom:container-demuxer-ogg: 62fdf1f143b41e24485cea50d1cbac27 -> 
  custom:video-encoder-webm-vp8: eb34c28f22e8b96e1ab97ce403110664 -> 
  custom:video-decoder-webm-vp8: 9c59270c3fd7afecdb556c50c9e8de78 -> 
  custom:audio-decoder-ogg-vorbis: bf7c407c2cedff20999df2af8eb42d56 -> 
  custom:audio-encoder-webm-vorbis: bf7c407c2cedff20999df2af8eb42d56 -> 
AssetImportWorkerClient::OnTransportError - code=2 error=End of file
